{"C:\\Users\\Dell\\.vscode\\projects\\VS_Project_WiSe22-23\\routes\\main.js": {"path":"C:\\Users\\Dell\\.vscode\\projects\\VS_Project_WiSe22-23\\routes\\main.js","statementMap":{"0":{"start":{"line":1,"column":16},"end":{"line":1,"column":34}},"1":{"start":{"line":2,"column":15},"end":{"line":2,"column":31}},"2":{"start":{"line":4,"column":20},"end":{"line":4,"column":55}},"3":{"start":{"line":5,"column":14},"end":{"line":5,"column":37}},"4":{"start":{"line":6,"column":12},"end":{"line":6,"column":45}},"5":{"start":{"line":7,"column":18},"end":{"line":7,"column":57}},"6":{"start":{"line":9,"column":13},"end":{"line":9,"column":74}},"7":{"start":{"line":11,"column":0},"end":{"line":11,"column":57}},"8":{"start":{"line":11,"column":30},"end":{"line":11,"column":55}},"9":{"start":{"line":14,"column":0},"end":{"line":32,"column":3}},"10":{"start":{"line":15,"column":2},"end":{"line":18,"column":3}},"11":{"start":{"line":16,"column":4},"end":{"line":16,"column":59}},"12":{"start":{"line":17,"column":4},"end":{"line":17,"column":11}},"13":{"start":{"line":20,"column":2},"end":{"line":20,"column":26}},"14":{"start":{"line":21,"column":2},"end":{"line":21,"column":35}},"15":{"start":{"line":23,"column":2},"end":{"line":23,"column":44}},"16":{"start":{"line":25,"column":2},"end":{"line":25,"column":57}},"17":{"start":{"line":27,"column":26},"end":{"line":27,"column":50}},"18":{"start":{"line":28,"column":2},"end":{"line":28,"column":56}},"19":{"start":{"line":29,"column":2},"end":{"line":31,"column":5}},"20":{"start":{"line":35,"column":0},"end":{"line":51,"column":3}},"21":{"start":{"line":36,"column":2},"end":{"line":39,"column":3}},"22":{"start":{"line":37,"column":4},"end":{"line":37,"column":59}},"23":{"start":{"line":38,"column":4},"end":{"line":38,"column":11}},"24":{"start":{"line":41,"column":2},"end":{"line":41,"column":26}},"25":{"start":{"line":42,"column":2},"end":{"line":42,"column":35}},"26":{"start":{"line":44,"column":2},"end":{"line":44,"column":51}},"27":{"start":{"line":46,"column":2},"end":{"line":46,"column":53}},"28":{"start":{"line":47,"column":2},"end":{"line":47,"column":62}},"29":{"start":{"line":48,"column":2},"end":{"line":50,"column":5}},"30":{"start":{"line":54,"column":0},"end":{"line":68,"column":3}},"31":{"start":{"line":55,"column":2},"end":{"line":58,"column":3}},"32":{"start":{"line":56,"column":4},"end":{"line":56,"column":59}},"33":{"start":{"line":57,"column":4},"end":{"line":57,"column":11}},"34":{"start":{"line":59,"column":2},"end":{"line":59,"column":58}},"35":{"start":{"line":60,"column":24},"end":{"line":63,"column":4}},"36":{"start":{"line":64,"column":2},"end":{"line":64,"column":31}},"37":{"start":{"line":65,"column":2},"end":{"line":67,"column":5}},"38":{"start":{"line":71,"column":0},"end":{"line":85,"column":3}},"39":{"start":{"line":72,"column":2},"end":{"line":75,"column":3}},"40":{"start":{"line":73,"column":4},"end":{"line":73,"column":59}},"41":{"start":{"line":74,"column":4},"end":{"line":74,"column":11}},"42":{"start":{"line":76,"column":2},"end":{"line":76,"column":58}},"43":{"start":{"line":77,"column":26},"end":{"line":80,"column":4}},"44":{"start":{"line":81,"column":2},"end":{"line":81,"column":33}},"45":{"start":{"line":82,"column":2},"end":{"line":84,"column":5}},"46":{"start":{"line":88,"column":0},"end":{"line":103,"column":3}},"47":{"start":{"line":89,"column":2},"end":{"line":94,"column":3}},"48":{"start":{"line":90,"column":4},"end":{"line":92,"column":77}},"49":{"start":{"line":93,"column":4},"end":{"line":93,"column":11}},"50":{"start":{"line":95,"column":14},"end":{"line":98,"column":4}},"51":{"start":{"line":99,"column":2},"end":{"line":99,"column":21}},"52":{"start":{"line":100,"column":2},"end":{"line":102,"column":5}},"53":{"start":{"line":105,"column":0},"end":{"line":105,"column":34}}},"fnMap":{"0":{"name":"(anonymous_0)","decl":{"start":{"line":11,"column":16},"end":{"line":11,"column":17}},"loc":{"start":{"line":11,"column":30},"end":{"line":11,"column":55}},"line":11},"1":{"name":"(anonymous_1)","decl":{"start":{"line":14,"column":29},"end":{"line":14,"column":30}},"loc":{"start":{"line":14,"column":49},"end":{"line":32,"column":1}},"line":14},"2":{"name":"(anonymous_2)","decl":{"start":{"line":35,"column":29},"end":{"line":35,"column":30}},"loc":{"start":{"line":35,"column":49},"end":{"line":51,"column":1}},"line":35},"3":{"name":"(anonymous_3)","decl":{"start":{"line":54,"column":39},"end":{"line":54,"column":40}},"loc":{"start":{"line":54,"column":59},"end":{"line":68,"column":1}},"line":54},"4":{"name":"(anonymous_4)","decl":{"start":{"line":71,"column":38},"end":{"line":71,"column":39}},"loc":{"start":{"line":71,"column":58},"end":{"line":85,"column":1}},"line":71},"5":{"name":"(anonymous_5)","decl":{"start":{"line":88,"column":26},"end":{"line":88,"column":27}},"loc":{"start":{"line":88,"column":46},"end":{"line":103,"column":1}},"line":88}},"branchMap":{"0":{"loc":{"start":{"line":15,"column":2},"end":{"line":18,"column":3}},"type":"if","locations":[{"start":{"line":15,"column":2},"end":{"line":18,"column":3}},{"start":{},"end":{}}],"line":15},"1":{"loc":{"start":{"line":36,"column":2},"end":{"line":39,"column":3}},"type":"if","locations":[{"start":{"line":36,"column":2},"end":{"line":39,"column":3}},{"start":{},"end":{}}],"line":36},"2":{"loc":{"start":{"line":55,"column":2},"end":{"line":58,"column":3}},"type":"if","locations":[{"start":{"line":55,"column":2},"end":{"line":58,"column":3}},{"start":{},"end":{}}],"line":55},"3":{"loc":{"start":{"line":72,"column":2},"end":{"line":75,"column":3}},"type":"if","locations":[{"start":{"line":72,"column":2},"end":{"line":75,"column":3}},{"start":{},"end":{}}],"line":72},"4":{"loc":{"start":{"line":89,"column":2},"end":{"line":94,"column":3}},"type":"if","locations":[{"start":{"line":89,"column":2},"end":{"line":94,"column":3}},{"start":{},"end":{}}],"line":89},"5":{"loc":{"start":{"line":89,"column":6},"end":{"line":89,"column":57}},"type":"binary-expr","locations":[{"start":{"line":89,"column":6},"end":{"line":89,"column":29}},{"start":{"line":89,"column":33},"end":{"line":89,"column":57}}],"line":89}},"s":{"0":1,"1":1,"2":1,"3":1,"4":1,"5":1,"6":1,"7":1,"8":0,"9":1,"10":3,"11":2,"12":2,"13":1,"14":1,"15":1,"16":1,"17":1,"18":1,"19":1,"20":1,"21":3,"22":2,"23":2,"24":1,"25":1,"26":1,"27":1,"28":1,"29":1,"30":1,"31":3,"32":2,"33":2,"34":1,"35":1,"36":1,"37":1,"38":1,"39":3,"40":2,"41":2,"42":1,"43":1,"44":1,"45":1,"46":1,"47":2,"48":1,"49":1,"50":1,"51":1,"52":1,"53":1},"f":{"0":0,"1":3,"2":3,"3":3,"4":3,"5":2},"b":{"0":[2,1],"1":[2,1],"2":[2,1],"3":[2,1],"4":[1,1],"5":[2,1]},"_coverageSchema":"1a1c01bbd47fc00a2c39e90264f33305004495a9","hash":"6a26ec552a86288952cb2fc11d23709f30f1fe89"}
,"C:\\Users\\Dell\\.vscode\\projects\\VS_Project_WiSe22-23\\services\\dandelionRequest.js": {"path":"C:\\Users\\Dell\\.vscode\\projects\\VS_Project_WiSe22-23\\services\\dandelionRequest.js","statementMap":{"0":{"start":{"line":1,"column":0},"end":{"line":1,"column":27}},"1":{"start":{"line":2,"column":14},"end":{"line":2,"column":30}},"2":{"start":{"line":4,"column":24},"end":{"line":30,"column":1}},"3":{"start":{"line":5,"column":15},"end":{"line":8,"column":3}},"4":{"start":{"line":10,"column":2},"end":{"line":10,"column":43}},"5":{"start":{"line":11,"column":2},"end":{"line":11,"column":43}},"6":{"start":{"line":12,"column":2},"end":{"line":12,"column":21}},"7":{"start":{"line":13,"column":2},"end":{"line":13,"column":21}},"8":{"start":{"line":14,"column":2},"end":{"line":28,"column":7}},"9":{"start":{"line":20,"column":6},"end":{"line":20,"column":40}},"10":{"start":{"line":21,"column":22},"end":{"line":21,"column":42}},"11":{"start":{"line":22,"column":6},"end":{"line":22,"column":38}},"12":{"start":{"line":23,"column":6},"end":{"line":23,"column":45}},"13":{"start":{"line":26,"column":6},"end":{"line":26,"column":23}},"14":{"start":{"line":27,"column":6},"end":{"line":27,"column":28}},"15":{"start":{"line":29,"column":2},"end":{"line":29,"column":16}},"16":{"start":{"line":32,"column":0},"end":{"line":32,"column":33}}},"fnMap":{"0":{"name":"(anonymous_0)","decl":{"start":{"line":4,"column":24},"end":{"line":4,"column":25}},"loc":{"start":{"line":4,"column":48},"end":{"line":30,"column":1}},"line":4},"1":{"name":"(anonymous_1)","decl":{"start":{"line":19,"column":10},"end":{"line":19,"column":11}},"loc":{"start":{"line":19,"column":19},"end":{"line":24,"column":5}},"line":19},"2":{"name":"(anonymous_2)","decl":{"start":{"line":25,"column":11},"end":{"line":25,"column":12}},"loc":{"start":{"line":25,"column":20},"end":{"line":28,"column":5}},"line":25}},"branchMap":{},"s":{"0":1,"1":1,"2":1,"3":1,"4":1,"5":1,"6":1,"7":1,"8":1,"9":1,"10":1,"11":1,"12":1,"13":0,"14":0,"15":1,"16":1},"f":{"0":1,"1":1,"2":0},"b":{},"_coverageSchema":"1a1c01bbd47fc00a2c39e90264f33305004495a9","hash":"0315df9ae9829c66b3fa17f29f611307195c163d"}
,"C:\\Users\\Dell\\.vscode\\projects\\VS_Project_WiSe22-23\\services\\deeplRequest.js": {"path":"C:\\Users\\Dell\\.vscode\\projects\\VS_Project_WiSe22-23\\services\\deeplRequest.js","statementMap":{"0":{"start":{"line":1,"column":0},"end":{"line":1,"column":27}},"1":{"start":{"line":2,"column":14},"end":{"line":2,"column":30}},"2":{"start":{"line":4,"column":20},"end":{"line":11,"column":1}},"3":{"start":{"line":5,"column":12},"end":{"line":5,"column":34}},"4":{"start":{"line":6,"column":2},"end":{"line":10,"column":3}},"5":{"start":{"line":7,"column":4},"end":{"line":7,"column":41}},"6":{"start":{"line":9,"column":4},"end":{"line":9,"column":67}},"7":{"start":{"line":13,"column":17},"end":{"line":24,"column":1}},"8":{"start":{"line":14,"column":2},"end":{"line":23,"column":7}},"9":{"start":{"line":21,"column":6},"end":{"line":21,"column":32}},"10":{"start":{"line":22,"column":6},"end":{"line":22,"column":26}},"11":{"start":{"line":26,"column":0},"end":{"line":26,"column":43}}},"fnMap":{"0":{"name":"(anonymous_0)","decl":{"start":{"line":4,"column":20},"end":{"line":4,"column":21}},"loc":{"start":{"line":4,"column":44},"end":{"line":11,"column":1}},"line":4},"1":{"name":"(anonymous_1)","decl":{"start":{"line":13,"column":17},"end":{"line":13,"column":18}},"loc":{"start":{"line":13,"column":35},"end":{"line":24,"column":1}},"line":13},"2":{"name":"(anonymous_2)","decl":{"start":{"line":20,"column":11},"end":{"line":20,"column":12}},"loc":{"start":{"line":20,"column":20},"end":{"line":23,"column":5}},"line":20}},"branchMap":{"0":{"loc":{"start":{"line":6,"column":2},"end":{"line":10,"column":3}},"type":"if","locations":[{"start":{"line":6,"column":2},"end":{"line":10,"column":3}},{"start":{"line":8,"column":9},"end":{"line":10,"column":3}}],"line":6}},"s":{"0":2,"1":2,"2":2,"3":2,"4":2,"5":2,"6":0,"7":2,"8":4,"9":0,"10":0,"11":2},"f":{"0":2,"1":4,"2":0},"b":{"0":[2,0]},"_coverageSchema":"1a1c01bbd47fc00a2c39e90264f33305004495a9","hash":"abe51ecb34d248795122c2d96bb485e90687e837"}
,"C:\\Users\\Dell\\.vscode\\projects\\VS_Project_WiSe22-23\\services\\nlpRequest.js": {"path":"C:\\Users\\Dell\\.vscode\\projects\\VS_Project_WiSe22-23\\services\\nlpRequest.js","statementMap":{"0":{"start":{"line":1,"column":0},"end":{"line":1,"column":27}},"1":{"start":{"line":2,"column":14},"end":{"line":2,"column":30}},"2":{"start":{"line":4,"column":18},"end":{"line":67,"column":1}},"3":{"start":{"line":5,"column":25},"end":{"line":5,"column":27}},"4":{"start":{"line":6,"column":20},"end":{"line":6,"column":37}},"5":{"start":{"line":7,"column":18},"end":{"line":7,"column":33}},"6":{"start":{"line":9,"column":2},"end":{"line":9,"column":32}},"7":{"start":{"line":10,"column":2},"end":{"line":66,"column":3}},"8":{"start":{"line":11,"column":4},"end":{"line":23,"column":9}},"9":{"start":{"line":18,"column":8},"end":{"line":18,"column":39}},"10":{"start":{"line":19,"column":8},"end":{"line":19,"column":54}},"11":{"start":{"line":22,"column":8},"end":{"line":22,"column":25}},"12":{"start":{"line":25,"column":4},"end":{"line":25,"column":28}},"13":{"start":{"line":27,"column":17},"end":{"line":27,"column":19}},"14":{"start":{"line":28,"column":17},"end":{"line":28,"column":18}},"15":{"start":{"line":30,"column":4},"end":{"line":43,"column":9}},"16":{"start":{"line":37,"column":8},"end":{"line":37,"column":28}},"17":{"start":{"line":38,"column":8},"end":{"line":38,"column":30}},"18":{"start":{"line":41,"column":8},"end":{"line":41,"column":25}},"19":{"start":{"line":42,"column":8},"end":{"line":42,"column":44}},"20":{"start":{"line":45,"column":4},"end":{"line":63,"column":5}},"21":{"start":{"line":46,"column":6},"end":{"line":62,"column":11}},"22":{"start":{"line":52,"column":10},"end":{"line":52,"column":34}},"23":{"start":{"line":53,"column":10},"end":{"line":53,"column":30}},"24":{"start":{"line":54,"column":10},"end":{"line":57,"column":11}},"25":{"start":{"line":55,"column":32},"end":{"line":55,"column":60}},"26":{"start":{"line":56,"column":12},"end":{"line":56,"column":61}},"27":{"start":{"line":60,"column":10},"end":{"line":60,"column":27}},"28":{"start":{"line":61,"column":10},"end":{"line":61,"column":46}},"29":{"start":{"line":65,"column":4},"end":{"line":65,"column":28}},"30":{"start":{"line":69,"column":0},"end":{"line":69,"column":27}}},"fnMap":{"0":{"name":"(anonymous_0)","decl":{"start":{"line":4,"column":18},"end":{"line":4,"column":19}},"loc":{"start":{"line":4,"column":43},"end":{"line":67,"column":1}},"line":4},"1":{"name":"(anonymous_1)","decl":{"start":{"line":17,"column":12},"end":{"line":17,"column":13}},"loc":{"start":{"line":17,"column":21},"end":{"line":20,"column":7}},"line":17},"2":{"name":"(anonymous_2)","decl":{"start":{"line":21,"column":13},"end":{"line":21,"column":14}},"loc":{"start":{"line":21,"column":22},"end":{"line":23,"column":7}},"line":21},"3":{"name":"(anonymous_3)","decl":{"start":{"line":36,"column":12},"end":{"line":36,"column":13}},"loc":{"start":{"line":36,"column":21},"end":{"line":39,"column":7}},"line":36},"4":{"name":"(anonymous_4)","decl":{"start":{"line":40,"column":13},"end":{"line":40,"column":14}},"loc":{"start":{"line":40,"column":22},"end":{"line":43,"column":7}},"line":40},"5":{"name":"(anonymous_5)","decl":{"start":{"line":51,"column":14},"end":{"line":51,"column":15}},"loc":{"start":{"line":51,"column":23},"end":{"line":58,"column":9}},"line":51},"6":{"name":"(anonymous_6)","decl":{"start":{"line":59,"column":15},"end":{"line":59,"column":16}},"loc":{"start":{"line":59,"column":24},"end":{"line":62,"column":9}},"line":59}},"branchMap":{"0":{"loc":{"start":{"line":10,"column":2},"end":{"line":66,"column":3}},"type":"if","locations":[{"start":{"line":10,"column":2},"end":{"line":66,"column":3}},{"start":{"line":26,"column":9},"end":{"line":66,"column":3}}],"line":10},"1":{"loc":{"start":{"line":42,"column":17},"end":{"line":42,"column":43}},"type":"binary-expr","locations":[{"start":{"line":42,"column":17},"end":{"line":42,"column":36}},{"start":{"line":42,"column":40},"end":{"line":42,"column":43}}],"line":42},"2":{"loc":{"start":{"line":54,"column":10},"end":{"line":57,"column":11}},"type":"if","locations":[{"start":{"line":54,"column":10},"end":{"line":57,"column":11}},{"start":{},"end":{}}],"line":54},"3":{"loc":{"start":{"line":61,"column":19},"end":{"line":61,"column":45}},"type":"binary-expr","locations":[{"start":{"line":61,"column":19},"end":{"line":61,"column":38}},{"start":{"line":61,"column":42},"end":{"line":61,"column":45}}],"line":61}},"s":{"0":1,"1":1,"2":1,"3":2,"4":2,"5":2,"6":2,"7":2,"8":2,"9":2,"10":2,"11":0,"12":2,"13":0,"14":0,"15":0,"16":0,"17":0,"18":0,"19":0,"20":0,"21":0,"22":0,"23":0,"24":0,"25":0,"26":0,"27":0,"28":0,"29":0,"30":1},"f":{"0":2,"1":2,"2":0,"3":0,"4":0,"5":0,"6":0},"b":{"0":[2,0],"1":[0,0],"2":[0,0],"3":[0,0]},"_coverageSchema":"1a1c01bbd47fc00a2c39e90264f33305004495a9","hash":"fa87a704418bb95a87fd8aa0777c210ecca51816"}
}
