TN:
SF:routes\main.js
FN:11,(anonymous_0)
FN:14,(anonymous_1)
FN:35,(anonymous_2)
FN:54,(anonymous_3)
FN:71,(anonymous_4)
FN:88,(anonymous_5)
FNF:6
FNH:5
FNDA:0,(anonymous_0)
FNDA:3,(anonymous_1)
FNDA:3,(anonymous_2)
FNDA:3,(anonymous_3)
FNDA:3,(anonymous_4)
FNDA:2,(anonymous_5)
DA:1,1
DA:2,1
DA:4,1
DA:5,1
DA:6,1
DA:7,1
DA:9,1
DA:11,1
DA:14,1
DA:15,3
DA:16,2
DA:17,2
DA:20,1
DA:21,1
DA:23,1
DA:25,1
DA:27,1
DA:28,1
DA:29,1
DA:35,1
DA:36,3
DA:37,2
DA:38,2
DA:41,1
DA:42,1
DA:44,1
DA:46,1
DA:47,1
DA:48,1
DA:54,1
DA:55,3
DA:56,2
DA:57,2
DA:59,1
DA:60,1
DA:64,1
DA:65,1
DA:71,1
DA:72,3
DA:73,2
DA:74,2
DA:76,1
DA:77,1
DA:81,1
DA:82,1
DA:88,1
DA:89,2
DA:90,1
DA:93,1
DA:95,1
DA:99,1
DA:100,1
DA:105,1
LF:53
LH:53
BRDA:15,0,0,2
BRDA:15,0,1,1
BRDA:36,1,0,2
BRDA:36,1,1,1
BRDA:55,2,0,2
BRDA:55,2,1,1
BRDA:72,3,0,2
BRDA:72,3,1,1
BRDA:89,4,0,1
BRDA:89,4,1,1
BRDA:89,5,0,2
BRDA:89,5,1,1
BRF:12
BRH:12
end_of_record
TN:
SF:services\dandelionRequest.js
FN:4,(anonymous_0)
FN:19,(anonymous_1)
FN:25,(anonymous_2)
FNF:3
FNH:2
FNDA:1,(anonymous_0)
FNDA:1,(anonymous_1)
FNDA:0,(anonymous_2)
DA:1,1
DA:2,1
DA:4,1
DA:5,1
DA:10,1
DA:11,1
DA:12,1
DA:13,1
DA:14,1
DA:20,1
DA:21,1
DA:22,1
DA:23,1
DA:26,0
DA:27,0
DA:29,1
DA:32,1
LF:17
LH:15
BRF:0
BRH:0
end_of_record
TN:
SF:services\deeplRequest.js
FN:4,(anonymous_0)
FN:13,(anonymous_1)
FN:20,(anonymous_2)
FNF:3
FNH:2
FNDA:2,(anonymous_0)
FNDA:4,(anonymous_1)
FNDA:0,(anonymous_2)
DA:1,2
DA:2,2
DA:4,2
DA:5,2
DA:6,2
DA:7,2
DA:9,0
DA:13,2
DA:14,4
DA:21,0
DA:22,0
DA:26,2
LF:12
LH:9
BRDA:6,0,0,2
BRDA:6,0,1,0
BRF:2
BRH:1
end_of_record
TN:
SF:services\nlpRequest.js
FN:4,(anonymous_0)
FN:17,(anonymous_1)
FN:21,(anonymous_2)
FN:36,(anonymous_3)
FN:40,(anonymous_4)
FN:51,(anonymous_5)
FN:59,(anonymous_6)
FNF:7
FNH:2
FNDA:2,(anonymous_0)
FNDA:2,(anonymous_1)
FNDA:0,(anonymous_2)
FNDA:0,(anonymous_3)
FNDA:0,(anonymous_4)
FNDA:0,(anonymous_5)
FNDA:0,(anonymous_6)
DA:1,1
DA:2,1
DA:4,1
DA:5,2
DA:6,2
DA:7,2
DA:9,2
DA:10,2
DA:11,2
DA:18,2
DA:19,2
DA:22,0
DA:25,2
DA:27,0
DA:28,0
DA:30,0
DA:37,0
DA:38,0
DA:41,0
DA:42,0
DA:45,0
DA:46,0
DA:52,0
DA:53,0
DA:54,0
DA:55,0
DA:56,0
DA:60,0
DA:61,0
DA:65,0
DA:69,1
LF:31
LH:13
BRDA:10,0,0,2
BRDA:10,0,1,0
BRDA:42,1,0,0
BRDA:42,1,1,0
BRDA:54,2,0,0
BRDA:54,2,1,0
BRDA:61,3,0,0
BRDA:61,3,1,0
BRF:8
BRH:1
end_of_record
